<?xml version="1.0" encoding="UTF-8"?>
<!-- Generated by org.testng.reporters.JUnitReportReporter -->
<testsuite hostname="BOLD-HarpreetBh" name="com.rh.qa.test.ContactPageTestJava" tests="1" failures="0" timestamp="19 Jul 2020 18:30:26 GMT" time="26.512" errors="0">
  <testcase name="validateContactDetails" time="26.512" classname="com.rh.qa.test.ContactPageTestJava"/>
</testsuite> <!-- com.rh.qa.test.ContactPageTestJava -->
