<?xml version="1.0" encoding="UTF-8"?>
<!-- Generated by org.testng.reporters.JUnitReportReporter -->
<testsuite hostname="BOLD-HarpreetBh" name="com.rh.qa.test.UploadPageTestJava" tests="1" failures="0" timestamp="9 Jul 2020 13:11:53 GMT" time="25.586" errors="0">
  <testcase name="UploadPageTitleTest" time="25.586" classname="com.rh.qa.test.UploadPageTestJava"/>
</testsuite> <!-- com.rh.qa.test.UploadPageTestJava -->
