<?xml version="1.0" encoding="UTF-8"?>
<!-- Generated by org.testng.reporters.JUnitReportReporter -->
<testsuite hostname="BOLD-HarpreetBh" name="com.rh.qa.test.LandingPageTestJava" tests="1" failures="0" timestamp="7 Jul 2020 18:53:47 GMT" time="9.968" errors="0">
  <testcase name="landingPageTitleTest" time="9.968" classname="com.rh.qa.test.LandingPageTestJava"/>
</testsuite> <!-- com.rh.qa.test.LandingPageTestJava -->
