<?xml version="1.0" encoding="UTF-8"?>
<!-- Generated by org.testng.reporters.JUnitReportReporter -->
<testsuite skipped="0" hostname="BOLD-HarpreetBh" name="com.rh.qa.test.ContactPageTestJava" tests="2" failures="0" timestamp="17 Oct 2020 19:58:37 GMT" time="52.305" errors="0">
  <testcase name="validateContactPageTitleTest" time="26.960" classname="com.rh.qa.test.ContactPageTestJava"/>
  <testcase name="validateContactDetails" time="25.345" classname="com.rh.qa.test.ContactPageTestJava"/>
</testsuite> <!-- com.rh.qa.test.ContactPageTestJava -->
