<?xml version="1.0" encoding="UTF-8"?>
<!-- Generated by org.testng.reporters.JUnitReportReporter -->
<testsuite hostname="BOLD-HarpreetBh" name="com.rh.qa.test.EducationTipsTestJava" tests="1" failures="0" timestamp="7 Jul 2020 18:38:35 GMT" time="11.374" errors="0">
  <testcase name="HIWPageTitleTest" time="11.374" classname="com.rh.qa.test.EducationTipsTestJava"/>
</testsuite> <!-- com.rh.qa.test.EducationTipsTestJava -->
