<?xml version="1.0" encoding="UTF-8"?>
<!-- Generated by org.testng.reporters.JUnitReportReporter -->
<testsuite hostname="BOLD-HarpreetBh" name="com.rh.qa.test.ChooseTemplatePageTestJava" tests="1" failures="0" timestamp="9 Jul 2020 09:27:37 GMT" time="40.973" errors="0">
  <testcase name="CTPageTitleTest" time="40.973" classname="com.rh.qa.test.ChooseTemplatePageTestJava"/>
</testsuite> <!-- com.rh.qa.test.ChooseTemplatePageTestJava -->
