<?xml version="1.0" encoding="UTF-8"?>
<!-- Generated by org.testng.reporters.JUnitReportReporter -->
<testsuite hostname="BOLD-HarpreetBh" name="com.rh.qa.test.DashboarPageTestJava" tests="3" failures="0" timestamp="2 May 2020 18:35:59 GMT" time="61.362" errors="0">
  <testcase name="verifyDashboardpageTitletest" time="15.870" classname="com.rh.qa.test.DashboarPageTestJava"/>
  <testcase name="navigatetoFinalizepage" time="23.392" classname="com.rh.qa.test.DashboarPageTestJava"/>
  <testcase name="verifyDashboardTexttest" time="22.100" classname="com.rh.qa.test.DashboarPageTestJava"/>
</testsuite> <!-- com.rh.qa.test.DashboarPageTestJava -->
