<?xml version="1.0" encoding="UTF-8"?>
<!-- Generated by org.testng.reporters.JUnitReportReporter -->
<testsuite hostname="BOLD-HarpreetBh" name="com.rh.qa.test.SummaryPageTestJava" tests="1" failures="0" timestamp="12 Jul 2020 17:49:24 GMT" time="54.869" errors="0">
  <testcase name="validateSummaryDescriptionPageTitle" time="54.869" classname="com.rh.qa.test.SummaryPageTestJava"/>
</testsuite> <!-- com.rh.qa.test.SummaryPageTestJava -->
