<?xml version="1.0" encoding="UTF-8"?>
<!-- Generated by org.testng.reporters.JUnitReportReporter -->
<testsuite hostname="BOLD-HarpreetBh" name="com.rh.qa.test.LoginPageTestJava" tests="1" failures="0" timestamp="7 May 2020 13:04:51 GMT" time="13.431" errors="0">
  <testcase name="VerifyLogin" time="13.431" classname="com.rh.qa.test.LoginPageTestJava"/>
</testsuite> <!-- com.rh.qa.test.LoginPageTestJava -->
